<?xml version="1.0" encoding="UTF-8"?>
<testsuite name="se.sda.web.demo.DemoApplicationTests" tests="1" skipped="0" failures="0" errors="0" timestamp="2020-11-11T14:25:49" hostname="SDA-23-mbpro" time="0.534">
  <properties/>
  <testcase name="contextLoads()" classname="se.sda.web.demo.DemoApplicationTests" time="0.534"/>
  <system-out><![CDATA[15:25:47.210 [Test worker] DEBUG org.springframework.test.context.BootstrapUtils - Instantiating CacheAwareContextLoaderDelegate from class [org.springframework.test.context.cache.DefaultCacheAwareContextLoaderDelegate]
15:25:47.228 [Test worker] DEBUG org.springframework.test.context.BootstrapUtils - Instantiating BootstrapContext using constructor [public org.springframework.test.context.support.DefaultBootstrapContext(java.lang.Class,org.springframework.test.context.CacheAwareContextLoaderDelegate)]
15:25:47.275 [Test worker] DEBUG org.springframework.test.context.BootstrapUtils - Instantiating TestContextBootstrapper for test class [se.sda.web.demo.DemoApplicationTests] from class [org.springframework.boot.test.context.SpringBootTestContextBootstrapper]
15:25:47.294 [Test worker] INFO org.springframework.boot.test.context.SpringBootTestContextBootstrapper - Neither @ContextConfiguration nor @ContextHierarchy found for test class [se.sda.web.demo.DemoApplicationTests], using SpringBootContextLoader
15:25:47.300 [Test worker] DEBUG org.springframework.test.context.support.AbstractContextLoader - Did not detect default resource location for test class [se.sda.web.demo.DemoApplicationTests]: class path resource [se/sda/web/demo/DemoApplicationTests-context.xml] does not exist
15:25:47.302 [Test worker] DEBUG org.springframework.test.context.support.AbstractContextLoader - Did not detect default resource location for test class [se.sda.web.demo.DemoApplicationTests]: class path resource [se/sda/web/demo/DemoApplicationTestsContext.groovy] does not exist
15:25:47.302 [Test worker] INFO org.springframework.test.context.support.AbstractContextLoader - Could not detect default resource locations for test class [se.sda.web.demo.DemoApplicationTests]: no resource found for suffixes {-context.xml, Context.groovy}.
15:25:47.303 [Test worker] INFO org.springframework.test.context.support.AnnotationConfigContextLoaderUtils - Could not detect default configuration classes for test class [se.sda.web.demo.DemoApplicationTests]: DemoApplicationTests does not declare any static, non-private, non-final, nested classes annotated with @Configuration.
15:25:47.346 [Test worker] DEBUG org.springframework.test.context.support.ActiveProfilesUtils - Could not find an 'annotation declaring class' for annotation type [org.springframework.test.context.ActiveProfiles] and class [se.sda.web.demo.DemoApplicationTests]
15:25:47.421 [Test worker] DEBUG org.springframework.context.annotation.ClassPathScanningCandidateComponentProvider - Identified candidate component class: file [/Users/haleemathsameena/Documents/temp/demo/build/classes/java/main/se/sda/web/demo/DemoApplication.class]
15:25:47.432 [Test worker] INFO org.springframework.boot.test.context.SpringBootTestContextBootstrapper - Found @SpringBootConfiguration se.sda.web.demo.DemoApplication for test class se.sda.web.demo.DemoApplicationTests
15:25:47.545 [Test worker] DEBUG org.springframework.boot.test.context.SpringBootTestContextBootstrapper - @TestExecutionListeners is not present for class [se.sda.web.demo.DemoApplicationTests]: using defaults.
15:25:47.546 [Test worker] INFO org.springframework.boot.test.context.SpringBootTestContextBootstrapper - Loaded default TestExecutionListener class names from location [META-INF/spring.factories]: [org.springframework.boot.test.autoconfigure.restdocs.RestDocsTestExecutionListener, org.springframework.boot.test.autoconfigure.web.client.MockRestServiceServerResetTestExecutionListener, org.springframework.boot.test.autoconfigure.web.servlet.MockMvcPrintOnlyOnFailureTestExecutionListener, org.springframework.boot.test.autoconfigure.web.servlet.WebDriverTestExecutionListener, org.springframework.boot.test.autoconfigure.webservices.client.MockWebServiceServerTestExecutionListener, org.springframework.boot.test.mock.mockito.MockitoTestExecutionListener, org.springframework.boot.test.mock.mockito.ResetMocksTestExecutionListener, org.springframework.test.context.web.ServletTestExecutionListener, org.springframework.test.context.support.DirtiesContextBeforeModesTestExecutionListener, org.springframework.test.context.support.DependencyInjectionTestExecutionListener, org.springframework.test.context.support.DirtiesContextTestExecutionListener, org.springframework.test.context.transaction.TransactionalTestExecutionListener, org.springframework.test.context.jdbc.SqlScriptsTestExecutionListener, org.springframework.test.context.event.EventPublishingTestExecutionListener]
15:25:47.579 [Test worker] DEBUG org.springframework.boot.test.context.SpringBootTestContextBootstrapper - Skipping candidate TestExecutionListener [org.springframework.test.context.transaction.TransactionalTestExecutionListener] due to a missing dependency. Specify custom listener classes or make the default listener classes and their required dependencies available. Offending class: [org/springframework/transaction/interceptor/TransactionAttributeSource]
15:25:47.580 [Test worker] DEBUG org.springframework.boot.test.context.SpringBootTestContextBootstrapper - Skipping candidate TestExecutionListener [org.springframework.test.context.jdbc.SqlScriptsTestExecutionListener] due to a missing dependency. Specify custom listener classes or make the default listener classes and their required dependencies available. Offending class: [org/springframework/transaction/interceptor/TransactionAttribute]
15:25:47.581 [Test worker] INFO org.springframework.boot.test.context.SpringBootTestContextBootstrapper - Using TestExecutionListeners: [org.springframework.test.context.web.ServletTestExecutionListener@3966ddba, org.springframework.test.context.support.DirtiesContextBeforeModesTestExecutionListener@3b57ccdb, org.springframework.boot.test.mock.mockito.MockitoTestExecutionListener@425a3fc3, org.springframework.boot.test.autoconfigure.SpringBootDependencyInjectionTestExecutionListener@2710b798, org.springframework.test.context.support.DirtiesContextTestExecutionListener@289425cd, org.springframework.test.context.event.EventPublishingTestExecutionListener@2d201510, org.springframework.boot.test.autoconfigure.restdocs.RestDocsTestExecutionListener@3e979350, org.springframework.boot.test.autoconfigure.web.client.MockRestServiceServerResetTestExecutionListener@1c194f6d, org.springframework.boot.test.autoconfigure.web.servlet.MockMvcPrintOnlyOnFailureTestExecutionListener@15aabb6e, org.springframework.boot.test.autoconfigure.web.servlet.WebDriverTestExecutionListener@380fa45e, org.springframework.boot.test.autoconfigure.webservices.client.MockWebServiceServerTestExecutionListener@3a80bd1c, org.springframework.boot.test.mock.mockito.ResetMocksTestExecutionListener@6c34ef06]
15:25:47.590 [Test worker] DEBUG org.springframework.test.context.support.AbstractDirtiesContextTestExecutionListener - Before test class: context [DefaultTestContext@7b11a3d2 testClass = DemoApplicationTests, testInstance = [null], testMethod = [null], testException = [null], mergedContextConfiguration = [WebMergedContextConfiguration@60d43981 testClass = DemoApplicationTests, locations = '{}', classes = '{class se.sda.web.demo.DemoApplication}', contextInitializerClasses = '[]', activeProfiles = '{}', propertySourceLocations = '{}', propertySourceProperties = '{org.springframework.boot.test.context.SpringBootTestContextBootstrapper=true}', contextCustomizers = set[org.springframework.boot.test.autoconfigure.properties.PropertyMappingContextCustomizer@0, org.springframework.boot.test.autoconfigure.web.servlet.WebDriverContextCustomizerFactory$Customizer@72ef9983, org.springframework.boot.test.context.filter.ExcludeFilterContextCustomizer@50235534, org.springframework.boot.test.json.DuplicateJsonObjectContextCustomizerFactory$DuplicateJsonObjectContextCustomizer@73bfc2e7, org.springframework.boot.test.mock.mockito.MockitoContextCustomizer@0, org.springframework.boot.test.web.client.TestRestTemplateContextCustomizer@b75dc1a, org.springframework.boot.test.context.SpringBootTestArgs@1, org.springframework.boot.test.context.SpringBootTestWebEnvironment@c8bf96b], resourceBasePath = 'src/main/webapp', contextLoader = 'org.springframework.boot.test.context.SpringBootContextLoader', parent = [null]], attributes = map['org.springframework.test.context.web.ServletTestExecutionListener.activateListener' -> true]], class annotated with @DirtiesContext [false] with mode [null].
15:25:47.621 [Test worker] DEBUG org.springframework.test.context.support.TestPropertySourceUtils - Adding inlined properties to environment: {spring.jmx.enabled=false, org.springframework.boot.test.context.SpringBootTestContextBootstrapper=true}

  .   ____          _            __ _ _
 /\\ / ___'_ __ _ _(_)_ __  __ _ \ \ \ \
( ( )\___ | '_ | '_| | '_ \/ _` | \ \ \ \
 \\/  ___)| |_)| | | | | || (_| |  ) ) ) )
  '  |____| .__|_| |_|_| |_\__, | / / / /
 =========|_|==============|___/=/_/_/_/
 :: Spring Boot ::        (v2.3.5.RELEASE)

2020-11-11 15:25:47.925  INFO 27446 --- [    Test worker] se.sda.web.demo.DemoApplicationTests     : Starting DemoApplicationTests on SDA-23-mbpro with PID 27446 (started by ? in /Users/haleemathsameena/Documents/temp/demo)
2020-11-11 15:25:47.926  INFO 27446 --- [    Test worker] se.sda.web.demo.DemoApplicationTests     : No active profile set, falling back to default profiles: default
2020-11-11 15:25:49.067  INFO 27446 --- [    Test worker] o.s.s.concurrent.ThreadPoolTaskExecutor  : Initializing ExecutorService 'applicationTaskExecutor'
2020-11-11 15:25:49.358  INFO 27446 --- [    Test worker] se.sda.web.demo.DemoApplicationTests     : Started DemoApplicationTests in 1.726 seconds (JVM running for 3.088)
]]></system-out>
  <system-err><![CDATA[]]></system-err>
</testsuite>
